<?xml version="1.0" encoding="UTF-8"?>
<!-- Generated by org.testng.reporters.JUnitXMLReporter -->
<testsuite hostname="tinas-MacBook-Pro.local" ignored="4" name="Default test" tests="1" failures="0" timestamp="2022-12-21T22:01:52 IST" time="12.405" errors="0">
  <testcase name="loginvalid" time="7.375" classname="testcases.Flight_testcases"/>
  <testcase name="enquiry" time="0.0" classname="testcases.Flight_testcases">
    <ignored/>
  </testcase> <!-- enquiry -->
  <testcase name="datevalid" time="0.0" classname="testcases.Flight_testcases">
    <ignored/>
  </testcase> <!-- datevalid -->
  <testcase name="bookingvalid" time="0.0" classname="testcases.Flight_testcases">
    <ignored/>
  </testcase> <!-- bookingvalid -->
  <testcase name="submit_butt" time="0.0" classname="testcases.Flight_testcases">
    <ignored/>
  </testcase> <!-- submit_butt -->
</testsuite> <!-- Default test -->
