<?xml version="1.0" encoding="UTF-8"?>
<!-- Generated by org.testng.reporters.JUnitXMLReporter -->
<testsuite hostname="tinas-MacBook-Pro.local" ignored="2" name="Test" tests="3" failures="0" timestamp="2022-12-21T22:08:29 IST" time="19.845" errors="0">
  <testcase name="loginvalid" time="7.47" classname="testcases.Flight_testcases"/>
  <testcase name="bookingvalid" time="4.997" classname="testcases.Flight_testcases"/>
  <testcase name="datevalid" time="1.937" classname="testcases.Flight_testcases"/>
  <testcase name="enquiry" time="0.0" classname="testcases.Flight_testcases">
    <ignored/>
  </testcase> <!-- enquiry -->
  <testcase name="submit_butt" time="0.0" classname="testcases.Flight_testcases">
    <ignored/>
  </testcase> <!-- submit_butt -->
</testsuite> <!-- Test -->
